[debug] [2021-03-11T19:49:07.371Z] ----------------------------------------------------------------------
[debug] [2021-03-11T19:49:07.375Z] Command:       C:\Program Files\nodejs\node.exe C:\Users\46723\AppData\Roaming\npm\node_modules\firebase-tools\lib\bin\firebase.js init hosting:github
[debug] [2021-03-11T19:49:07.375Z] CLI Version:   9.6.0
[debug] [2021-03-11T19:49:07.376Z] Platform:      win32
[debug] [2021-03-11T19:49:07.376Z] Node Version:  v14.15.5
[debug] [2021-03-11T19:49:07.377Z] Time:          Thu Mar 11 2021 20:49:07 GMT+0100 (centraleuropeisk normaltid)
[debug] [2021-03-11T19:49:07.377Z] ----------------------------------------------------------------------
[debug] [2021-03-11T19:49:07.377Z] 
[debug] [2021-03-11T19:49:07.385Z] > command requires scopes: ["email","openid","https://www.googleapis.com/auth/cloudplatformprojects.readonly","https://www.googleapis.com/auth/firebase","https://www.googleapis.com/auth/cloud-platform"]
[debug] [2021-03-11T19:49:07.386Z] > authorizing via signed-in user
[info] 
     ######## #### ########  ######## ########     ###     ######  ########
     ##        ##  ##     ## ##       ##     ##  ##   ##  ##       ##
     ######    ##  ########  ######   ########  #########  ######  ######
     ##        ##  ##    ##  ##       ##     ## ##     ##       ## ##
     ##       #### ##     ## ######## ########  ##     ##  ######  ########

You're about to initialize a Firebase project in this directory:

  C:\Users\46723\VLH\VLH

Before we get started, keep in mind:

  * You are initializing in an existing Firebase project directory

[info] 
=== Project Setup
[info] 
[info] First, let's associate this project directory with a Firebase project.
[info] You can create multiple project aliases by running firebase use --add, 
[info] but for now we'll just set up a default project.
[info] 
[info] i  .firebaserc already has a default project, using vaxjolakers-a21a0. 
[debug] [2021-03-11T19:49:09.367Z] > refreshing access token with scopes: []
[debug] [2021-03-11T19:49:09.367Z] >>> HTTP REQUEST POST https://www.googleapis.com/oauth2/v3/token  
 <request body omitted>
[debug] [2021-03-11T19:49:09.508Z] <<< HTTP RESPONSE 200 {"cache-control":"no-cache, no-store, max-age=0, must-revalidate","pragma":"no-cache","expires":"Mon, 01 Jan 1990 00:00:00 GMT","date":"Thu, 11 Mar 2021 19:48:59 GMT","content-type":"application/json; charset=utf-8","vary":"X-Origin, Referer, Origin,Accept-Encoding","server":"scaffolding on HTTPServer2","x-xss-protection":"0","x-frame-options":"SAMEORIGIN","x-content-type-options":"nosniff","alt-svc":"h3-29=\":443\"; ma=2592000,h3-T051=\":443\"; ma=2592000,h3-Q050=\":443\"; ma=2592000,h3-Q046=\":443\"; ma=2592000,h3-Q043=\":443\"; ma=2592000,quic=\":443\"; ma=2592000; v=\"46,43\"","accept-ranges":"none","transfer-encoding":"chunked"}
[debug] [2021-03-11T19:49:09.520Z] >>> [apiv2][query] GET https://firebase.googleapis.com/v1beta1/projects/vaxjolakers-a21a0 [none]
[debug] [2021-03-11T19:49:09.775Z] <<< [apiv2][status] GET https://firebase.googleapis.com/v1beta1/projects/vaxjolakers-a21a0 200
[debug] [2021-03-11T19:49:09.776Z] <<< [apiv2][body] GET https://firebase.googleapis.com/v1beta1/projects/vaxjolakers-a21a0 {"projectId":"vaxjolakers-a21a0","projectNumber":"205765989506","displayName":"vaxjolakers","name":"projects/vaxjolakers-a21a0","resources":{"hostingSite":"vaxjolakers-a21a0","storageBucket":"vaxjolakers-a21a0.appspot.com","locationId":"europe-west"},"state":"ACTIVE"}
[info] 
=== Hosting:github Setup
[info] 
[info] i  Detected a .git folder at C:\Users\46723\VLH\VLH 
[info] i  Authorizing with GitHub to upload your service account to a GitHub repository's secrets store. 
[info] 
[info] Visit this URL on this device to log in:
[info] https://github.com/login/oauth/authorize?client_id=89cf50f02ac6aaed3484&state=967676104&redirect_uri=http%3A%2F%2Flocalhost%3A9005&scope=read%3Auser%20repo%20public_repo
[info] 
[info] Waiting for authentication...
[debug] [2021-03-11T19:49:18.940Z] >>> HTTP REQUEST POST https://github.com/login/oauth/access_token  
 {"client_id":"89cf50f02ac6aaed3484","client_secret":"3330d14abc895d9a74d5f17cd7a00711fa2c5bf0","code":"9186491cc0a7166324ad","redirect_uri":"http://localhost:9005","state":"967676104"}
[debug] [2021-03-11T19:49:19.207Z] <<< HTTP RESPONSE 200 {"server":"GitHub.com","date":"Thu, 11 Mar 2021 19:49:08 GMT","content-type":"application/json; charset=utf-8","transfer-encoding":"chunked","vary":"X-PJAX, Accept-Encoding, Accept, X-Requested-With","etag":"W/\"547c116e48759247eae17a453273b294\"","cache-control":"max-age=0, private, must-revalidate","strict-transport-security":"max-age=31536000; includeSubdomains; preload","x-frame-options":"deny","x-content-type-options":"nosniff","x-xss-protection":"1; mode=block","referrer-policy":"origin-when-cross-origin, strict-origin-when-cross-origin","expect-ct":"max-age=2592000, report-uri=\"https://api.github.com/_private/browser/errors\"","content-security-policy":"default-src 'none'; base-uri 'self'; block-all-mixed-content; connect-src 'self' uploads.github.com www.githubstatus.com collector.githubapp.com api.github.com github-cloud.s3.amazonaws.com github-production-repository-file-5c1aeb.s3.amazonaws.com github-production-upload-manifest-file-7fdce7.s3.amazonaws.com github-production-user-asset-6210df.s3.amazonaws.com cdn.optimizely.com logx.optimizely.com/v1/events wss://alive.github.com; font-src github.githubassets.com; form-action 'self' github.com gist.github.com; frame-ancestors 'none'; frame-src render.githubusercontent.com; img-src 'self' data: github.githubassets.com identicons.github.com collector.githubapp.com github-cloud.s3.amazonaws.com secured-user-images.githubusercontent.com/ *.githubusercontent.com; manifest-src 'self'; media-src 'none'; script-src github.githubassets.com; style-src 'unsafe-inline' github.githubassets.com; worker-src github.com/socket-worker-6832eced.js gist.github.com/socket-worker-6832eced.js","x-github-request-id":"F43D:106B:5ECAAB:613F61:604A7434"}
[debug] [2021-03-11T19:49:19.211Z] >>> [apiv2][query] GET https://api.github.com/user [none]
[debug] [2021-03-11T19:49:19.495Z] <<< [apiv2][status] GET https://api.github.com/user 200
[debug] [2021-03-11T19:49:19.496Z] <<< [apiv2][body] GET https://api.github.com/user {"login":"maxbjorken","id":78048713,"node_id":"MDQ6VXNlcjc4MDQ4NzEz","avatar_url":"https://avatars.githubusercontent.com/u/78048713?v=4","gravatar_id":"","url":"https://api.github.com/users/maxbjorken","html_url":"https://github.com/maxbjorken","followers_url":"https://api.github.com/users/maxbjorken/followers","following_url":"https://api.github.com/users/maxbjorken/following{/other_user}","gists_url":"https://api.github.com/users/maxbjorken/gists{/gist_id}","starred_url":"https://api.github.com/users/maxbjorken/starred{/owner}{/repo}","subscriptions_url":"https://api.github.com/users/maxbjorken/subscriptions","organizations_url":"https://api.github.com/users/maxbjorken/orgs","repos_url":"https://api.github.com/users/maxbjorken/repos","events_url":"https://api.github.com/users/maxbjorken/events{/privacy}","received_events_url":"https://api.github.com/users/maxbjorken/received_events","type":"User","site_admin":false,"name":null,"company":null,"blog":"","location":null,"email":null,"hireable":null,"bio":null,"twitter_username":null,"public_repos":1,"public_gists":0,"followers":0,"following":0,"created_at":"2021-01-26T20:26:22Z","updated_at":"2021-03-11T19:49:02Z","private_gists":0,"total_private_repos":1,"owned_private_repos":1,"disk_usage":4582,"collaborators":0,"two_factor_authentication":false,"plan":{"name":"free","space":976562499,"collaborators":0,"private_repos":10000}}
[info] 
[info] +  Success! Logged into GitHub as maxbjorken 
[info] 
